app/build/intermediates/manifest_merge_blame_file/debug/processDebugMainManifest/manifest-merger-blame-debug-report.txt
1<?xml version="1.0" encoding="utf-8"?>
2<manifest xmlns:android="http://schemas.android.com/apk/res/android"
3    package="com.zeus.v2"
4    android:versionCode="21"
5    android:versionName="2.2-punch.21" >
6
7    <uses-sdk
8        android:minSdkVersion="28"
9        android:targetSdkVersion="34" />
10
11    <uses-permission android:name="android.permission.INTERNET" />
11-->src/main/AndroidManifest.xml:5:5-67
11-->src/main/AndroidManifest.xml:5:22-64
12    <uses-permission android:name="android.permission.MODIFY_AUDIO_SETTINGS" />
12-->src/main/AndroidManifest.xml:6:5-80
12-->src/main/AndroidManifest.xml:6:22-77
13    <uses-permission android:name="android.permission.RECORD_AUDIO" />
13-->src/main/AndroidManifest.xml:7:5-71
13-->src/main/AndroidManifest.xml:7:22-68
14    <uses-permission android:name="android.permission.FOREGROUND_SERVICE" />
14-->src/main/AndroidManifest.xml:8:5-77
14-->src/main/AndroidManifest.xml:8:22-74
15    <uses-permission android:name="android.permission.FOREGROUND_SERVICE_MEDIA_PLAYBACK" />
15-->src/main/AndroidManifest.xml:9:5-92
15-->src/main/AndroidManifest.xml:9:22-89
16    <uses-permission android:name="android.permission.FOREGROUND_SERVICE_MEDIA_PROJECTION" />
16-->src/main/AndroidManifest.xml:10:5-94
16-->src/main/AndroidManifest.xml:10:22-91
17    <uses-permission android:name="android.permission.POST_NOTIFICATIONS" />
17-->src/main/AndroidManifest.xml:11:5-77
17-->src/main/AndroidManifest.xml:11:22-74
18    <uses-permission android:name="android.permission.WAKE_LOCK" />
18-->src/main/AndroidManifest.xml:12:5-68
18-->src/main/AndroidManifest.xml:12:22-65
19
20    <permission
20-->[androidx.core:core:1.13.1] AndroidManifest.xml:22:5-24:47
21        android:name="com.zeus.v2.DYNAMIC_RECEIVER_NOT_EXPORTED_PERMISSION"
21-->[androidx.core:core:1.13.1] AndroidManifest.xml:23:9-81
22        android:protectionLevel="signature" />
22-->[androidx.core:core:1.13.1] AndroidManifest.xml:24:9-44
23
24    <uses-permission android:name="com.zeus.v2.DYNAMIC_RECEIVER_NOT_EXPORTED_PERMISSION" />
24-->[androidx.core:core:1.13.1] AndroidManifest.xml:26:5-97
24-->[androidx.core:core:1.13.1] AndroidManifest.xml:26:22-94
25    <uses-permission android:name="moe.shizuku.manager.permission.API_V23" />
25-->[dev.rikka.shizuku:provider:13.1.5] AndroidManifest.xml:8:5-78
25-->[dev.rikka.shizuku:provider:13.1.5] AndroidManifest.xml:8:22-75
26
27    <application
27-->src/main/AndroidManifest.xml:14:5-63:19
28        android:name="com.zeus.v2.ZeusApp"
28-->src/main/AndroidManifest.xml:15:9-32
29        android:allowBackup="true"
29-->src/main/AndroidManifest.xml:16:9-35
30        android:appComponentFactory="androidx.core.app.CoreComponentFactory"
30-->[androidx.core:core:1.13.1] AndroidManifest.xml:28:18-86
31        android:debuggable="true"
32        android:extractNativeLibs="false"
33        android:icon="@mipmap/ic_launcher"
33-->src/main/AndroidManifest.xml:17:9-43
34        android:label="@string/app_name"
34-->src/main/AndroidManifest.xml:18:9-41
35        android:requestLegacyExternalStorage="true"
35-->src/main/AndroidManifest.xml:22:9-52
36        android:roundIcon="@mipmap/ic_launcher_round"
36-->src/main/AndroidManifest.xml:19:9-54
37        android:supportsRtl="true"
37-->src/main/AndroidManifest.xml:20:9-35
38        android:theme="@style/Theme.ZeusV2" >
38-->src/main/AndroidManifest.xml:21:9-44
39        <provider
40            android:name="rikka.shizuku.ShizukuProvider"
40-->src/main/AndroidManifest.xml:26:9-53
41            android:authorities="com.zeus.v2.shizuku"
41-->src/main/AndroidManifest.xml:27:9-55
42            android:enabled="true"
42-->src/main/AndroidManifest.xml:29:9-31
43            android:exported="true"
43-->src/main/AndroidManifest.xml:30:9-32
44            android:multiprocess="false"
44-->src/main/AndroidManifest.xml:28:9-37
45            android:permission="android.permission.INTERACT_ACROSS_USERS_FULL" />
45-->src/main/AndroidManifest.xml:31:9-75
46
47        <activity
47-->src/main/AndroidManifest.xml:34:9-44:20
48            android:name="com.zeus.v2.MainActivity"
48-->src/main/AndroidManifest.xml:35:13-41
49            android:configChanges="orientation|screenSize|keyboardHidden|uiMode"
49-->src/main/AndroidManifest.xml:38:13-81
50            android:exported="true"
50-->src/main/AndroidManifest.xml:36:13-36
51            android:screenOrientation="portrait"
51-->src/main/AndroidManifest.xml:37:13-49
52            android:theme="@style/Theme.ZeusV2" >
52-->src/main/AndroidManifest.xml:39:13-48
53            <intent-filter>
53-->src/main/AndroidManifest.xml:40:13-43:29
54                <action android:name="android.intent.action.MAIN" />
54-->src/main/AndroidManifest.xml:41:17-69
54-->src/main/AndroidManifest.xml:41:25-66
55
56                <category android:name="android.intent.category.LAUNCHER" />
56-->src/main/AndroidManifest.xml:42:17-77
56-->src/main/AndroidManifest.xml:42:27-74
57            </intent-filter>
58        </activity>
59
60        <service
60-->src/main/AndroidManifest.xml:46:9-50:77
61            android:name="com.zeus.v2.AudioEngineService"
61-->src/main/AndroidManifest.xml:47:13-47
62            android:enabled="true"
62-->src/main/AndroidManifest.xml:48:13-35
63            android:exported="false"
63-->src/main/AndroidManifest.xml:49:13-37
64            android:foregroundServiceType="mediaPlayback|mediaProjection" />
64-->src/main/AndroidManifest.xml:50:13-74
65        <service
65-->src/main/AndroidManifest.xml:52:9-61:19
66            android:name="com.zeus.v2.ZeusTileService"
66-->src/main/AndroidManifest.xml:53:13-44
67            android:exported="true"
67-->src/main/AndroidManifest.xml:54:13-36
68            android:icon="@drawable/ic_eq_tile"
68-->src/main/AndroidManifest.xml:55:13-48
69            android:label="@string/eq_tile_label"
69-->src/main/AndroidManifest.xml:56:13-50
70            android:permission="android.permission.BIND_QUICK_SETTINGS_TILE" >
70-->src/main/AndroidManifest.xml:57:13-77
71            <intent-filter>
71-->src/main/AndroidManifest.xml:58:13-60:29
72                <action android:name="android.service.quicksettings.action.QS_TILE" />
72-->src/main/AndroidManifest.xml:59:17-87
72-->src/main/AndroidManifest.xml:59:25-84
73            </intent-filter>
74        </service>
75
76        <activity
76-->[androidx.compose.ui:ui-tooling-android:1.6.8] AndroidManifest.xml:23:9-25:39
77            android:name="androidx.compose.ui.tooling.PreviewActivity"
77-->[androidx.compose.ui:ui-tooling-android:1.6.8] AndroidManifest.xml:24:13-71
78            android:exported="true" />
78-->[androidx.compose.ui:ui-tooling-android:1.6.8] AndroidManifest.xml:25:13-36
79
80        <provider
80-->[androidx.lifecycle:lifecycle-process:2.8.3] AndroidManifest.xml:24:9-32:20
81            android:name="androidx.startup.InitializationProvider"
81-->[androidx.lifecycle:lifecycle-process:2.8.3] AndroidManifest.xml:25:13-67
82            android:authorities="com.zeus.v2.androidx-startup"
82-->[androidx.lifecycle:lifecycle-process:2.8.3] AndroidManifest.xml:26:13-68
83            android:exported="false" >
83-->[androidx.lifecycle:lifecycle-process:2.8.3] AndroidManifest.xml:27:13-37
84            <meta-data
84-->[androidx.lifecycle:lifecycle-process:2.8.3] AndroidManifest.xml:29:13-31:52
85                android:name="androidx.lifecycle.ProcessLifecycleInitializer"
85-->[androidx.lifecycle:lifecycle-process:2.8.3] AndroidManifest.xml:30:17-78
86                android:value="androidx.startup" />
86-->[androidx.lifecycle:lifecycle-process:2.8.3] AndroidManifest.xml:31:17-49
87            <meta-data
87-->[androidx.emoji2:emoji2:1.3.0] AndroidManifest.xml:29:13-31:52
88                android:name="androidx.emoji2.text.EmojiCompatInitializer"
88-->[androidx.emoji2:emoji2:1.3.0] AndroidManifest.xml:30:17-75
89                android:value="androidx.startup" />
89-->[androidx.emoji2:emoji2:1.3.0] AndroidManifest.xml:31:17-49
90            <meta-data
90-->[androidx.profileinstaller:profileinstaller:1.3.1] AndroidManifest.xml:29:13-31:52
91                android:name="androidx.profileinstaller.ProfileInstallerInitializer"
91-->[androidx.profileinstaller:profileinstaller:1.3.1] AndroidManifest.xml:30:17-85
92                android:value="androidx.startup" />
92-->[androidx.profileinstaller:profileinstaller:1.3.1] AndroidManifest.xml:31:17-49
93        </provider>
94
95        <meta-data
95-->[dev.rikka.shizuku:provider:13.1.5] AndroidManifest.xml:11:9-13:36
96            android:name="moe.shizuku.client.V3_SUPPORT"
96-->[dev.rikka.shizuku:provider:13.1.5] AndroidManifest.xml:12:13-57
97            android:value="true" />
97-->[dev.rikka.shizuku:provider:13.1.5] AndroidManifest.xml:13:13-33
98
99        <receiver
99-->[androidx.profileinstaller:profileinstaller:1.3.1] AndroidManifest.xml:34:9-52:20
100            android:name="androidx.profileinstaller.ProfileInstallReceiver"
100-->[androidx.profileinstaller:profileinstaller:1.3.1] AndroidManifest.xml:35:13-76
101            android:directBootAware="false"
101-->[androidx.profileinstaller:profileinstaller:1.3.1] AndroidManifest.xml:36:13-44
102            android:enabled="true"
102-->[androidx.profileinstaller:profileinstaller:1.3.1] AndroidManifest.xml:37:13-35
103            android:exported="true"
103-->[androidx.profileinstaller:profileinstaller:1.3.1] AndroidManifest.xml:38:13-36
104            android:permission="android.permission.DUMP" >
104-->[androidx.profileinstaller:profileinstaller:1.3.1] AndroidManifest.xml:39:13-57
105            <intent-filter>
105-->[androidx.profileinstaller:profileinstaller:1.3.1] AndroidManifest.xml:40:13-42:29
106                <action android:name="androidx.profileinstaller.action.INSTALL_PROFILE" />
106-->[androidx.profileinstaller:profileinstaller:1.3.1] AndroidManifest.xml:41:17-91
106-->[androidx.profileinstaller:profileinstaller:1.3.1] AndroidManifest.xml:41:25-88
107            </intent-filter>
108            <intent-filter>
108-->[androidx.profileinstaller:profileinstaller:1.3.1] AndroidManifest.xml:43:13-45:29
109                <action android:name="androidx.profileinstaller.action.SKIP_FILE" />
109-->[androidx.profileinstaller:profileinstaller:1.3.1] AndroidManifest.xml:44:17-85
109-->[androidx.profileinstaller:profileinstaller:1.3.1] AndroidManifest.xml:44:25-82
110            </intent-filter>
111            <intent-filter>
111-->[androidx.profileinstaller:profileinstaller:1.3.1] AndroidManifest.xml:46:13-48:29
112                <action android:name="androidx.profileinstaller.action.SAVE_PROFILE" />
112-->[androidx.profileinstaller:profileinstaller:1.3.1] AndroidManifest.xml:47:17-88
112-->[androidx.profileinstaller:profileinstaller:1.3.1] AndroidManifest.xml:47:25-85
113            </intent-filter>
114            <intent-filter>
114-->[androidx.profileinstaller:profileinstaller:1.3.1] AndroidManifest.xml:49:13-51:29
115                <action android:name="androidx.profileinstaller.action.BENCHMARK_OPERATION" />
115-->[androidx.profileinstaller:profileinstaller:1.3.1] AndroidManifest.xml:50:17-95
115-->[androidx.profileinstaller:profileinstaller:1.3.1] AndroidManifest.xml:50:25-92
116            </intent-filter>
117        </receiver>
118    </application>
119
120</manifest>